<?xml version="1.0" encoding="UTF-8"?>
<!-- Generated by org.testng.reporters.JUnitReportReporter -->
<testsuite skipped="0" hostname="HYD-BHAKUM-MOB" name="com.deltax.testcases.RegistrationFormTest" tests="5" failures="0" timestamp="15 Jul 2018 13:32:25 GMT" time="30.749" errors="0">
  <testcase name="testNegativeScenarios" time="4.752" classname="com.deltax.testcases.RegistrationFormTest"/>
  <testcase name="testNameValidationAtleastTwo" time="3.256" classname="com.deltax.testcases.RegistrationFormTest"/>
  <testcase name="testEmailAndMobileValidation" time="8.970" classname="com.deltax.testcases.RegistrationFormTest"/>
  <testcase name="testPositiveScenarios" time="8.034" classname="com.deltax.testcases.RegistrationFormTest"/>
  <testcase name="testMandatoryFields" time="5.737" classname="com.deltax.testcases.RegistrationFormTest"/>
</testsuite> <!-- com.deltax.testcases.RegistrationFormTest -->
