<?xml version="1.0" encoding="UTF-8"?>
<!-- Generated by org.testng.reporters.JUnitReportReporter -->
<testsuite skipped="0" hostname="HYD-BHAKUM-MOB" name="com.deltax.testcases.RegistrationForm" tests="1" failures="0" timestamp="15 Jul 2018 11:55:27 GMT" time="0.031" errors="0">
  <testcase name="test" time="0.031" classname="com.deltax.testcases.RegistrationForm"/>
</testsuite> <!-- com.deltax.testcases.RegistrationForm -->
